<?xml version="1.0" encoding="UTF-8"?>
<!-- Generated by org.testng.reporters.JUnitReportReporter -->
<testsuite skipped="0" hostname="rtiwari.local" name="tests.Tests" tests="1" failures="0" timestamp="16 Apr 2020 18:44:47 GMT" time="0.016" errors="0">
  <testcase name="testScroll" time="0.016" classname="tests.Tests"/>
</testsuite> <!-- tests.Tests -->
