<?xml version="1.0" encoding="UTF-8"?>
<!-- Generated by org.testng.reporters.JUnitReportReporter -->
<testsuite skipped="0" hostname="rtiwari.local" name="demo.tests.Tests" tests="1" failures="0" timestamp="04 Jun 2020 04:17:11 GMT" time="17.632" errors="0">
  <testcase name="productSearch" time="17.632" classname="demo.tests.Tests"/>
</testsuite> <!-- demo.tests.Tests -->
