<?xml version="1.0" encoding="UTF-8"?>
<!-- Generated by org.testng.reporters.JUnitReportReporter -->
<testsuite skipped="0" hostname="rtiwari.local" name="demo.tests.SchedulesTests" tests="5" failures="0" timestamp="04 Jun 2020 05:53:31 GMT" time="23.093" errors="0">
  <testcase name="fromPortNameTest" time="13.446" classname="demo.tests.SchedulesTests"/>
  <testcase name="fromPortCountryTest" time="0.267" classname="demo.tests.SchedulesTests"/>
  <testcase name="toPortNameTest" time="0.261" classname="demo.tests.SchedulesTests"/>
  <testcase name="toPortCountryTest" time="0.258" classname="demo.tests.SchedulesTests"/>
  <testcase name="shareSchedulesTest" time="8.861" classname="demo.tests.SchedulesTests"/>
</testsuite> <!-- demo.tests.SchedulesTests -->
